2025-09-17 00:09:14,356 [INFO] Activator:176 - 


2025-09-17 00:09:14,356 [INFO] Activator:177 - !SESSION log4j initialized
2025-09-17 00:09:16,714 [INFO] LogOutputStream:77 - [STDOUT_REDIRECT] 
2025-09-17 00:09:18,938 [INFO] ApplicationProperties:184 - Using Application install path: C:\ST\STM32CubeIDE_1.19.0\STM32CubeIDE\plugins\com.st.stm32cube.common.mx_6.15.0.202507011659
2025-09-17 00:09:18,951 [INFO] DbMcusXml:78 - Set database path to: C:\ST\STM32CubeIDE_1.19.0\STM32CubeIDE\plugins\com.st.stm32cube.common.mx_6.15.0.202507011659\\db\/mcu/
2025-09-17 00:09:18,951 [INFO] ApiDb:274 - Set plugin database path to: C:\ST\STM32CubeIDE_1.19.0\STM32CubeIDE\plugins\com.st.stm32cube.common.mx_6.15.0.202507011659\\db\/plugins/boardmanager/
2025-09-17 00:09:18,959 [WARN] ApiDb:259 - Overriding images path with different value:  => C:\ST\STM32CubeIDE_1.19.0\STM32CubeIDE\plugins\com.st.stm32cube.common.mx_6.15.0.202507011659\\db\/plugins/mcufinder/images/
2025-09-17 00:09:18,965 [INFO] ApiDb:250 - Set database path to: C:\Users\USUARIO\.stmcufinder\plugins\mcufinder//mcu/
2025-09-17 00:09:18,966 [INFO] DbMcusAds:125 - Set database path to: C:\Users\USUARIO\.stmcufinder\plugins\mcufinder//mcu/
2025-09-17 00:09:18,967 [INFO] CrossReferenceDbSqlite:203 - Set database path to: C:\Users\USUARIO\.stmcufinder\plugins\mcufinder//mcu/cs/
2025-09-17 00:09:19,094 [INFO] RulesReader:64 - Compatibility file has been processed (317 Rules)
2025-09-17 00:09:19,162 [INFO] DbMcusXml:78 - Set database path to: C:\ST\STM32CubeIDE_1.19.0\STM32CubeIDE\plugins\com.st.stm32cube.common.mx_6.15.0.202507011659\\db\/mcu/
2025-09-17 00:09:19,162 [INFO] ApiDb:274 - Set plugin database path to: C:\ST\STM32CubeIDE_1.19.0\STM32CubeIDE\plugins\com.st.stm32cube.common.mx_6.15.0.202507011659\\db\/plugins/boardmanager/
2025-09-17 00:09:19,163 [INFO] ApiDb:261 - Set plugin images path to: C:\ST\STM32CubeIDE_1.19.0\STM32CubeIDE\plugins\com.st.stm32cube.common.mx_6.15.0.202507011659\\db\/plugins/mcufinder/images/
2025-09-17 00:09:19,163 [WARN] DbFile:41 - Overriding database path with different value: C:\Users\USUARIO\.stmcufinder\plugins\mcufinder/ => C:\Users\USUARIO\.stmcufinder\plugins\mcufinder
2025-09-17 00:09:19,163 [INFO] ApiDb:250 - Set database path to: C:\Users\USUARIO\.stmcufinder\plugins\mcufinder//mcu/
2025-09-17 00:09:19,163 [WARN] DbFile:41 - Overriding database path with different value: C:\Users\USUARIO\.stmcufinder\plugins\mcufinder/ => C:\Users\USUARIO\.stmcufinder\plugins\mcufinder
2025-09-17 00:09:19,163 [INFO] DbMcusAds:125 - Set database path to: C:\Users\USUARIO\.stmcufinder\plugins\mcufinder//mcu/
2025-09-17 00:09:19,163 [WARN] DbFile:41 - Overriding database path with different value: C:\Users\USUARIO\.stmcufinder\plugins\mcufinder/ => C:\Users\USUARIO\.stmcufinder\plugins\mcufinder
2025-09-17 00:09:19,163 [WARN] DbFile:41 - Overriding database path with different value: C:\Users\USUARIO\.stmcufinder\plugins\mcufinder/ => C:\Users\USUARIO\.stmcufinder\plugins\mcufinder
2025-09-17 00:09:19,163 [INFO] CrossReferenceDbSqlite:203 - Set database path to: C:\Users\USUARIO\.stmcufinder\plugins\mcufinder//mcu/cs/
2025-09-17 00:09:19,217 [INFO] MainPanel:274 - HeapMemory: 268435456
2025-09-17 00:09:19,279 [INFO] DbMcusXml:78 - Set database path to: C:\ST\STM32CubeIDE_1.19.0\STM32CubeIDE\plugins\com.st.stm32cube.common.mx_6.15.0.202507011659\\db\/mcu/
2025-09-17 00:09:19,279 [INFO] ApiDb:274 - Set plugin database path to: C:\ST\STM32CubeIDE_1.19.0\STM32CubeIDE\plugins\com.st.stm32cube.common.mx_6.15.0.202507011659\\db\/plugins/boardmanager/
2025-09-17 00:09:19,280 [INFO] ApiDb:261 - Set plugin images path to: C:\ST\STM32CubeIDE_1.19.0\STM32CubeIDE\plugins\com.st.stm32cube.common.mx_6.15.0.202507011659\\db\/plugins/mcufinder/images/
2025-09-17 00:09:19,280 [WARN] DbFile:41 - Overriding database path with different value: C:\Users\USUARIO\.stmcufinder\plugins\mcufinder/ => C:\Users\USUARIO\.stmcufinder\plugins\mcufinder
2025-09-17 00:09:19,280 [INFO] ApiDb:250 - Set database path to: C:\Users\USUARIO\.stmcufinder\plugins\mcufinder//mcu/
2025-09-17 00:09:19,280 [WARN] DbFile:41 - Overriding database path with different value: C:\Users\USUARIO\.stmcufinder\plugins\mcufinder/ => C:\Users\USUARIO\.stmcufinder\plugins\mcufinder
2025-09-17 00:09:19,280 [INFO] DbMcusAds:125 - Set database path to: C:\Users\USUARIO\.stmcufinder\plugins\mcufinder//mcu/
2025-09-17 00:09:19,280 [WARN] DbFile:41 - Overriding database path with different value: C:\Users\USUARIO\.stmcufinder\plugins\mcufinder/ => C:\Users\USUARIO\.stmcufinder\plugins\mcufinder
2025-09-17 00:09:19,280 [WARN] DbFile:41 - Overriding database path with different value: C:\Users\USUARIO\.stmcufinder\plugins\mcufinder/ => C:\Users\USUARIO\.stmcufinder\plugins\mcufinder
2025-09-17 00:09:19,280 [INFO] CrossReferenceDbSqlite:203 - Set database path to: C:\Users\USUARIO\.stmcufinder\plugins\mcufinder//mcu/cs/
2025-09-17 00:09:19,296 [INFO] ApplicationProperties:184 - Using Application install path: C:\ST\STM32CubeIDE_1.19.0\STM32CubeIDE\plugins\com.st.stm32cube.common.mx_6.15.0.202507011659
2025-09-17 00:09:19,297 [INFO] PluginManage:196 - Search for loadable plugins [exclusion list=, ]
2025-09-17 00:09:19,298 [INFO] PluginManage:310 - Check plugin analytics
2025-09-17 00:09:19,527 [INFO] AnalyticsPlugin:253 - Accepted Software Licenses: 
2025-09-17 00:09:19,527 [INFO] AnalyticsPlugin:255 - Accepted CMSIS Pack Licenses: 
2025-09-17 00:09:19,527 [INFO] AnalyticsPlugin:257 - Accepted Firmware Licenses: FW.F4.1.28.0
2025-09-17 00:09:19,531 [INFO] PluginManage:359 - Loaded plugin analytics (category:tool,tabindex:-1)
2025-09-17 00:09:19,531 [INFO] PluginManage:310 - Check plugin cadmodel
2025-09-17 00:09:19,536 [INFO] CADModel:105 - Init CAD model plugin
2025-09-17 00:09:19,536 [INFO] PluginManage:359 - Loaded plugin cadmodel (category:power,tabindex:5)
2025-09-17 00:09:19,536 [INFO] PluginManage:310 - Check plugin clock
2025-09-17 00:09:19,548 [INFO] PluginManage:359 - Loaded plugin clock (category:base,tabindex:2)
2025-09-17 00:09:19,548 [INFO] PluginManage:310 - Check plugin ddr
2025-09-17 00:09:19,551 [INFO] PluginManage:359 - Loaded plugin ddr (category:tool,tabindex:6)
2025-09-17 00:09:19,551 [INFO] PluginManage:310 - Check plugin filemanager
2025-09-17 00:09:19,765 [INFO] PluginManage:359 - Loaded plugin filemanager (category:base,tabindex:10)
2025-09-17 00:09:19,765 [INFO] PluginManage:310 - Check plugin ipmanager
2025-09-17 00:09:19,771 [INFO] PluginManage:359 - Loaded plugin ipmanager (category:base,tabindex:5)
2025-09-17 00:09:19,771 [INFO] PluginManage:310 - Check plugin lpbam
2025-09-17 00:09:19,778 [INFO] PluginManage:359 - Loaded plugin lpbam (category:base,tabindex:0)
2025-09-17 00:09:19,779 [INFO] PluginManage:310 - Check plugin memorymap
2025-09-17 00:09:19,788 [INFO] PluginManage:359 - Loaded plugin memorymap (category:base,tabindex:4)
2025-09-17 00:09:19,789 [INFO] PluginManage:310 - Check plugin pinoutandconfiguration
2025-09-17 00:09:19,795 [INFO] PluginManage:359 - Loaded plugin pinoutandconfiguration (category:base,tabindex:1)
2025-09-17 00:09:19,795 [INFO] PluginManage:310 - Check plugin pinoutconfig
2025-09-17 00:09:19,869 [WARN] SupportedApi:132 - Cannot load RTOS API schema: s4s-elt-must-match.1: The content of 'definitions' must match (annotation?, (simpleType | complexType)?, (unique | key | keyref)*)). A problem was found starting at: attribute.
2025-09-17 00:09:19,986 [INFO] PluginManage:359 - Loaded plugin pinoutconfig (category:base,tabindex:0)
2025-09-17 00:09:19,986 [INFO] PluginManage:310 - Check plugin power
2025-09-17 00:09:19,992 [INFO] PluginManage:359 - Loaded plugin power (category:power,tabindex:4)
2025-09-17 00:09:19,992 [INFO] PluginManage:310 - Check plugin projectmanager
2025-09-17 00:09:20,008 [INFO] PluginManage:359 - Loaded plugin projectmanager (category:projectmanager,tabindex:4)
2025-09-17 00:09:20,008 [INFO] PluginManage:310 - Check plugin rif
2025-09-17 00:09:20,019 [INFO] PluginManage:359 - Loaded plugin rif (category:base,tabindex:3)
2025-09-17 00:09:20,019 [INFO] PluginManage:310 - Check plugin thirdparty
2025-09-17 00:09:20,152 [WARN] IntegrityCheckThread:84 - waiting for thirdparty lock release [integrity check]
2025-09-17 00:09:20,152 [INFO] IntegrityCheckThread:86 - entering critical section [integrity check]
2025-09-17 00:09:20,152 [INFO] ThirdPartyUpdaterWithRetryManager:70 - Updater plugin not ready yet. [1/15]
2025-09-17 00:09:20,152 [INFO] PluginManage:359 - Loaded plugin thirdparty (category:base,tabindex:-1)
2025-09-17 00:09:20,153 [INFO] PluginManage:310 - Check plugin tools
2025-09-17 00:09:20,157 [INFO] PluginManage:359 - Loaded plugin tools (category:base,tabindex:7)
2025-09-17 00:09:20,157 [INFO] PluginManage:310 - Check plugin tutovideos
2025-09-17 00:09:20,324 [INFO] PluginManage:359 - Loaded plugin tutovideos (category:base,tabindex:-1)
2025-09-17 00:09:20,324 [INFO] PluginManage:310 - Check plugin updater
2025-09-17 00:09:20,349 [INFO] PluginManage:359 - Loaded plugin updater (category:base,tabindex:12)
2025-09-17 00:09:20,349 [INFO] PluginManage:310 - Check plugin userauth
2025-09-17 00:09:20,357 [INFO] UserAuth:118 - Init User Auth plugin
2025-09-17 00:09:20,358 [INFO] PluginManage:359 - Loaded plugin userauth (category:base,tabindex:14)
2025-09-17 00:09:20,359 [INFO] PluginManage:283 - PluginManage : Loaded plugins [18]
2025-09-17 00:09:20,589 [INFO] PinOutPanel:1589 - setPackage(No Configuration,No Configuration)
2025-09-17 00:09:20,667 [INFO] CADModel:165 - CPN selected for project level
2025-09-17 00:09:20,667 [INFO] CADModel:114 - Register for checkConnection events
2025-09-17 00:09:20,683 [INFO] IPUIPlugin:80 - create IPUIPlugin
2025-09-17 00:09:20,683 [INFO] PluginManager:220 - loadIPPluginJar : add adc
2025-09-17 00:09:20,683 [INFO] IPUIPlugin:80 - create IPUIPlugin
2025-09-17 00:09:20,683 [INFO] PluginManager:220 - loadIPPluginJar : add aes
2025-09-17 00:09:20,683 [INFO] IPUIPlugin:80 - create IPUIPlugin
2025-09-17 00:09:20,683 [INFO] PluginManager:220 - loadIPPluginJar : add can
2025-09-17 00:09:20,683 [INFO] IPUIPlugin:80 - create IPUIPlugin
2025-09-17 00:09:20,683 [INFO] PluginManager:220 - loadIPPluginJar : add comp
2025-09-17 00:09:20,683 [INFO] IPUIPlugin:80 - create IPUIPlugin
2025-09-17 00:09:20,683 [INFO] PluginManager:220 - loadIPPluginJar : add cryp
2025-09-17 00:09:20,683 [INFO] IPUIPlugin:80 - create IPUIPlugin
2025-09-17 00:09:20,683 [INFO] PluginManager:220 - loadIPPluginJar : add ddr_ctrl_phy
2025-09-17 00:09:20,683 [INFO] IPUIPlugin:80 - create IPUIPlugin
2025-09-17 00:09:20,683 [INFO] PluginManager:220 - loadIPPluginJar : add dfsdm
2025-09-17 00:09:20,699 [INFO] IPUIPlugin:80 - create IPUIPlugin
2025-09-17 00:09:20,699 [INFO] PluginManager:220 - loadIPPluginJar : add dma
2025-09-17 00:09:20,699 [INFO] IPUIPlugin:80 - create IPUIPlugin
2025-09-17 00:09:20,699 [INFO] PluginManager:220 - loadIPPluginJar : add dma3
2025-09-17 00:09:20,699 [INFO] IPUIPlugin:80 - create IPUIPlugin
2025-09-17 00:09:20,699 [INFO] PluginManager:220 - loadIPPluginJar : add extmemmanager
2025-09-17 00:09:20,699 [INFO] IPUIPlugin:80 - create IPUIPlugin
2025-09-17 00:09:20,699 [INFO] PluginManager:220 - loadIPPluginJar : add fatfs
2025-09-17 00:09:20,699 [INFO] IPUIPlugin:80 - create IPUIPlugin
2025-09-17 00:09:20,699 [INFO] PluginManager:220 - loadIPPluginJar : add fmc
2025-09-17 00:09:20,699 [INFO] IPUIPlugin:80 - create IPUIPlugin
2025-09-17 00:09:20,699 [INFO] PluginManager:220 - loadIPPluginJar : add freertos
2025-09-17 00:09:20,699 [INFO] IPUIPlugin:80 - create IPUIPlugin
2025-09-17 00:09:20,699 [INFO] PluginManager:220 - loadIPPluginJar : add genericplugin
2025-09-17 00:09:20,714 [INFO] IPUIPlugin:80 - create IPUIPlugin
2025-09-17 00:09:20,714 [INFO] PluginManager:220 - loadIPPluginJar : add gfxmmu
2025-09-17 00:09:20,714 [INFO] IPUIPlugin:80 - create IPUIPlugin
2025-09-17 00:09:20,714 [INFO] PluginManager:220 - loadIPPluginJar : add gic
2025-09-17 00:09:20,714 [INFO] IPUIPlugin:80 - create IPUIPlugin
2025-09-17 00:09:20,714 [INFO] PluginManager:220 - loadIPPluginJar : add gpio
2025-09-17 00:09:20,714 [INFO] IPUIPlugin:80 - create IPUIPlugin
2025-09-17 00:09:20,714 [INFO] PluginManager:220 - loadIPPluginJar : add gtzc
2025-09-17 00:09:20,714 [INFO] IPUIPlugin:80 - create IPUIPlugin
2025-09-17 00:09:20,714 [INFO] PluginManager:220 - loadIPPluginJar : add hash
2025-09-17 00:09:20,730 [INFO] IPUIPlugin:80 - create IPUIPlugin
2025-09-17 00:09:20,730 [INFO] PluginManager:220 - loadIPPluginJar : add i2c
2025-09-17 00:09:20,730 [INFO] IPUIPlugin:80 - create IPUIPlugin
2025-09-17 00:09:20,730 [INFO] PluginManager:220 - loadIPPluginJar : add i2s
2025-09-17 00:09:20,730 [INFO] IPUIPlugin:80 - create IPUIPlugin
2025-09-17 00:09:20,730 [INFO] PluginManager:220 - loadIPPluginJar : add i3c
2025-09-17 00:09:20,730 [INFO] IPUIPlugin:80 - create IPUIPlugin
2025-09-17 00:09:20,730 [INFO] PluginManager:220 - loadIPPluginJar : add ipddr
2025-09-17 00:09:20,730 [INFO] IPUIPlugin:80 - create IPUIPlugin
2025-09-17 00:09:20,730 [INFO] PluginManager:220 - loadIPPluginJar : add linkedlist
2025-09-17 00:09:20,730 [INFO] IPUIPlugin:80 - create IPUIPlugin
2025-09-17 00:09:20,730 [INFO] PluginManager:220 - loadIPPluginJar : add lorawan
2025-09-17 00:09:20,746 [INFO] IPUIPlugin:80 - create IPUIPlugin
2025-09-17 00:09:20,746 [INFO] PluginManager:220 - loadIPPluginJar : add ltdc
2025-09-17 00:09:20,746 [INFO] IPUIPlugin:80 - create IPUIPlugin
2025-09-17 00:09:20,746 [INFO] PluginManager:220 - loadIPPluginJar : add mdma
2025-09-17 00:09:20,746 [INFO] IPUIPlugin:80 - create IPUIPlugin
2025-09-17 00:09:20,746 [INFO] PluginManager:220 - loadIPPluginJar : add nvic
2025-09-17 00:09:20,746 [INFO] IPUIPlugin:80 - create IPUIPlugin
2025-09-17 00:09:20,746 [INFO] PluginManager:220 - loadIPPluginJar : add opamp
2025-09-17 00:09:20,761 [INFO] IPUIPlugin:80 - create IPUIPlugin
2025-09-17 00:09:20,761 [INFO] PluginManager:220 - loadIPPluginJar : add openamp
2025-09-17 00:09:20,761 [INFO] IPUIPlugin:80 - create IPUIPlugin
2025-09-17 00:09:20,761 [INFO] PluginManager:220 - loadIPPluginJar : add pdm2pcm
2025-09-17 00:09:20,761 [INFO] IPUIPlugin:80 - create IPUIPlugin
2025-09-17 00:09:20,761 [INFO] PluginManager:220 - loadIPPluginJar : add plateformsettings
2025-09-17 00:09:20,761 [INFO] IPUIPlugin:80 - create IPUIPlugin
2025-09-17 00:09:20,761 [INFO] PluginManager:220 - loadIPPluginJar : add quadspi
2025-09-17 00:09:20,777 [INFO] IPUIPlugin:80 - create IPUIPlugin
2025-09-17 00:09:20,777 [INFO] PluginManager:220 - loadIPPluginJar : add radio
2025-09-17 00:09:20,777 [INFO] IPUIPlugin:80 - create IPUIPlugin
2025-09-17 00:09:20,777 [INFO] PluginManager:220 - loadIPPluginJar : add resmgrutility
2025-09-17 00:09:20,777 [INFO] IPUIPlugin:80 - create IPUIPlugin
2025-09-17 00:09:20,777 [INFO] PluginManager:220 - loadIPPluginJar : add sai
2025-09-17 00:09:20,777 [INFO] IPUIPlugin:80 - create IPUIPlugin
2025-09-17 00:09:20,777 [INFO] PluginManager:220 - loadIPPluginJar : add spi
2025-09-17 00:09:20,792 [INFO] IPUIPlugin:80 - create IPUIPlugin
2025-09-17 00:09:20,792 [INFO] PluginManager:220 - loadIPPluginJar : add stm32_wpan
2025-09-17 00:09:20,792 [INFO] IPUIPlugin:80 - create IPUIPlugin
2025-09-17 00:09:20,792 [INFO] PluginManager:220 - loadIPPluginJar : add tim
2025-09-17 00:09:20,792 [INFO] IPUIPlugin:80 - create IPUIPlugin
2025-09-17 00:09:20,792 [INFO] PluginManager:220 - loadIPPluginJar : add touchsensing
2025-09-17 00:09:20,792 [INFO] IPUIPlugin:80 - create IPUIPlugin
2025-09-17 00:09:20,792 [INFO] PluginManager:220 - loadIPPluginJar : add tracer_emb
2025-09-17 00:09:20,792 [INFO] IPUIPlugin:80 - create IPUIPlugin
2025-09-17 00:09:20,792 [INFO] PluginManager:220 - loadIPPluginJar : add ts
2025-09-17 00:09:20,808 [INFO] IPUIPlugin:80 - create IPUIPlugin
2025-09-17 00:09:20,808 [INFO] PluginManager:220 - loadIPPluginJar : add tsc
2025-09-17 00:09:20,808 [INFO] IPUIPlugin:80 - create IPUIPlugin
2025-09-17 00:09:20,808 [INFO] PluginManager:220 - loadIPPluginJar : add ucpd
2025-09-17 00:09:20,808 [INFO] IPUIPlugin:80 - create IPUIPlugin
2025-09-17 00:09:20,808 [INFO] PluginManager:220 - loadIPPluginJar : add usart
2025-09-17 00:09:20,808 [INFO] IPUIPlugin:80 - create IPUIPlugin
2025-09-17 00:09:20,808 [INFO] PluginManager:220 - loadIPPluginJar : add usbx
2025-09-17 00:09:20,940 [FATAL] Updater:351 - Updater called before beeing initialized
2025-09-17 00:09:20,956 [INFO] RulesReader:64 - Compatibility file has been processed (317 Rules)
2025-09-17 00:09:20,971 [INFO] RulesReader:64 - Compatibility file has been processed (317 Rules)
2025-09-17 00:09:20,987 [INFO] CADModel:165 - CPN selected for project level
2025-09-17 00:09:20,987 [INFO] CADModel:114 - Register for checkConnection events
2025-09-17 00:09:20,987 [FATAL] Updater:351 - Updater called before beeing initialized
2025-09-17 00:09:20,987 [ERROR] CADModel:125 - Updater not yet initialized, retry later 
2025-09-17 00:09:21,177 [FATAL] Updater:351 - Updater called before beeing initialized
2025-09-17 00:09:21,183 [INFO] CADModel:165 - CPN selected for project level
2025-09-17 00:09:21,183 [INFO] CADModel:114 - Register for checkConnection events
2025-09-17 00:09:21,183 [FATAL] Updater:351 - Updater called before beeing initialized
2025-09-17 00:09:21,183 [ERROR] CADModel:125 - Updater not yet initialized, retry later 
2025-09-17 00:09:21,183 [FATAL] Updater:351 - Updater called before beeing initialized
2025-09-17 00:09:21,277 [FATAL] Updater:351 - Updater called before beeing initialized
2025-09-17 00:09:21,293 [INFO] DbMcusAds:53 - JSON generation date=Tue Jul 08 03:14:23 COT 2025 (1751962463541)
2025-09-17 00:09:21,293 [FATAL] Updater:351 - Updater called before beeing initialized
2025-09-17 00:09:21,324 [WARN] DetailPanel:346 - Failed to get advertising image, set to default
2025-09-17 00:09:21,402 [FATAL] Updater:351 - Updater called before beeing initialized
2025-09-17 00:09:21,402 [FATAL] Updater:351 - Updater called before beeing initialized
2025-09-17 00:09:21,402 [FATAL] Updater:351 - Updater called before beeing initialized
2025-09-17 00:09:21,402 [WARN] DetailPanel:346 - Failed to get advertising image, set to default
2025-09-17 00:09:21,402 [FATAL] Updater:351 - Updater called before beeing initialized
2025-09-17 00:09:21,438 [ERROR] Updater:1198 - MainUpdater not yet initialized. External WinMGr cannot be set.
2025-09-17 00:09:21,453 [INFO] Updater:1134 - Updater Version found : 6.15.0
2025-09-17 00:09:21,453 [INFO] ApplicationProperties:184 - Using Application install path: C:\ST\STM32CubeIDE_1.19.0\STM32CubeIDE\plugins\com.st.stm32cube.common.mx_6.15.0.202507011659
2025-09-17 00:09:23,061 [ERROR] LogOutputStream:75 - [STDERR_REDIRECT] Sep 17, 2025 12:09:23 AM java.util.prefs.WindowsPreferences <init>
2025-09-17 00:09:23,062 [ERROR] LogOutputStream:75 - [STDERR_REDIRECT] WARNING: Could not open/create prefs root node Software\JavaSoft\Prefs at root 0xffffffff80000002. Windows RegCreateKeyEx(...) returned error code 5.
2025-09-17 00:09:23,062 [ERROR] LogOutputStream:75 - [STDERR_REDIRECT] 
2025-09-17 00:09:23,167 [INFO] ThirdPartyUpdaterWithRetryManager:70 - Updater plugin not ready yet. [2/15]
2025-09-17 00:09:23,323 [INFO] MainUpdater:2872 - connection check result : 10
2025-09-17 00:09:23,339 [INFO] MainUpdater:289 - Updater Check For Update Now.
2025-09-17 00:09:23,339 [INFO] MicroXplorer:498 - Change Database Version : DB.6.0.150
2025-09-17 00:09:23,339 [INFO] McuFinderGlobals:63 - Set McuFinder mode to 2 (CubeIDE integrated)
2025-09-17 00:09:23,339 [INFO] UserAuth:171 - activating auth plugin
2025-09-17 00:09:23,356 [INFO] UserAuth:487 - Internet connection configuration mode: 1
2025-09-17 00:09:23,372 [INFO] JxBrowserEngine:152 - Initiate JxBrowser Engine with user profile folder
2025-09-17 00:09:23,528 [INFO] CheckServerUpdateThread:120 - End of CheckServer Thread
2025-09-17 00:09:24,018 [INFO] WebApp:169 - Instantiating new browser for Auth
2025-09-17 00:09:24,619 [INFO] WebApp:463 - Apply proxy settings
2025-09-17 00:09:24,619 [INFO] WebApp:548 - Chromium requires no authentication
2025-09-17 00:09:24,626 [INFO] WebApp:491 - Direct internet connection detected
2025-09-17 00:09:24,655 [INFO] WebApp:900 - Register for checkConnection events
2025-09-17 00:09:24,655 [INFO] WebApp:463 - Apply proxy settings
2025-09-17 00:09:24,655 [INFO] WebApp:548 - Chromium requires no authentication
2025-09-17 00:09:24,655 [INFO] WebApp:491 - Direct internet connection detected
2025-09-17 00:09:24,798 [INFO] WebApp:225 - Starting web application
2025-09-17 00:09:24,798 [INFO] WebApp:593 - Web application path used C:\ST\STM32CubeIDE_1.19.0\STM32CubeIDE\plugins\com.st.stm32cube.common.mx_6.15.0.202507011659\db\plugins\mcufinder\reactClient1\index.html
2025-09-17 00:09:26,042 [INFO] WebApp:191 - Connection restablished
2025-09-17 00:09:26,372 [WARN] PackLoader:240 - Cannot read IP mode file for STMicroelectronics.FP-SNS-MOTENVWB1.1.4.0
2025-09-17 00:09:26,382 [WARN] PackLoader:240 - Cannot read IP mode file for STMicroelectronics.FP-ATR-ASTRA1.2.0.2
2025-09-17 00:09:26,395 [WARN] PackLoader:240 - Cannot read IP mode file for STMicroelectronics.X-CUBE-SMBUS.2.1.0
2025-09-17 00:09:26,401 [WARN] PackLoader:240 - Cannot read IP mode file for STMicroelectronics.X-CUBE-ST60.1.0.0
2025-09-17 00:09:26,446 [WARN] PackLoader:240 - Cannot read IP mode file for STMicroelectronics.X-CUBE-AZRTOS-F7.1.1.0
2025-09-17 00:09:26,468 [WARN] PackLoader:240 - Cannot read IP mode file for WES.I-CUBE-Cesium.1.4.0
2025-09-17 00:09:26,538 [WARN] PackLoader:240 - Cannot read IP mode file for Infineon.AIROC-Wi-Fi-Bluetooth-STM32.1.7.1
2025-09-17 00:09:26,602 [WARN] PackLoader:240 - Cannot read IP mode file for STMicroelectronics.X-CUBE-AZRTOS-H7.3.4.0
2025-09-17 00:09:26,619 [WARN] PackLoader:240 - Cannot read IP mode file for STMicroelectronics.X-CUBE-DISPLAY.3.0.0
2025-09-17 00:09:26,639 [WARN] PackLoader:240 - Cannot read IP mode file for STMicroelectronics.X-CUBE-NFC10.1.0.0
2025-09-17 00:09:26,649 [WARN] PackLoader:240 - Cannot read IP mode file for emotas.I-CUBE-CANOPEN.1.3.0
2025-09-17 00:09:26,659 [WARN] PackLoader:240 - Cannot read IP mode file for STMicroelectronics.FP-SNS-STBOX1.2.1.0
2025-09-17 00:09:26,668 [WARN] PackLoader:240 - Cannot read IP mode file for STMicroelectronics.FP-SNS-SMARTAG2.1.2.0
2025-09-17 00:09:26,673 [WARN] PackLoader:240 - Cannot read IP mode file for STMicroelectronics.FP-SNS-FLIGHT1.5.1.0
2025-09-17 00:09:26,681 [INFO] LogOutputStream:77 - [STDOUT_REDIRECT] 1 : Invalid condition id : UX_CORESTACK_Condition cause : null
2025-09-17 00:09:26,682 [INFO] LogOutputStream:77 - [STDOUT_REDIRECT] 1 : Invalid condition id : UX_CORESTACK_Condition cause : null
2025-09-17 00:09:26,683 [INFO] LogOutputStream:77 - [STDOUT_REDIRECT] 1 : Invalid condition id : UX_CORESTACK_Condition cause : null
2025-09-17 00:09:26,684 [INFO] LogOutputStream:77 - [STDOUT_REDIRECT] 1 : Invalid condition id : UX_CORESTACK_Condition cause : null
2025-09-17 00:09:26,686 [INFO] LogOutputStream:77 - [STDOUT_REDIRECT] 1 : Invalid condition id : UX_CORESTACK_Condition cause : null
2025-09-17 00:09:26,692 [WARN] PackLoader:240 - Cannot read IP mode file for STMicroelectronics.X-CUBE-AZRTOS-WL.2.0.0
2025-09-17 00:09:26,699 [WARN] PackLoader:240 - Cannot read IP mode file for STMicroelectronics.FP-SNS-MOTENV1.5.0.0
2025-09-17 00:09:26,708 [WARN] PackLoader:240 - Cannot read IP mode file for STMicroelectronics.X-CUBE-BLE2.3.3.0
2025-09-17 00:09:26,714 [WARN] PackLoader:240 - Cannot read IP mode file for STMicroelectronics.X-CUBE-NFC9.1.0.0
2025-09-17 00:09:26,722 [WARN] PackLoader:240 - Cannot read IP mode file for wolfSSL.I-CUBE-wolfSSL.5.8.2
2025-09-17 00:09:26,728 [WARN] PackLoader:240 - Cannot read IP mode file for STMicroelectronics.X-CUBE-BLE1.7.1.0
2025-09-17 00:09:26,733 [WARN] PackLoader:240 - Cannot read IP mode file for wolfSSL.I-CUBE-wolfMQTT.1.19.2
2025-09-17 00:09:26,740 [WARN] PackLoader:240 - Cannot read IP mode file for STMicroelectronics.X-CUBE-EEPRMA1.5.2.0
2025-09-17 00:09:26,758 [WARN] PackLoader:240 - Cannot read IP mode file for STMicroelectronics.X-CUBE-AZRTOS-G0.1.1.0
2025-09-17 00:09:26,764 [WARN] PackLoader:240 - Cannot read IP mode file for STMicroelectronics.X-CUBE-SAFEA1.1.2.2
2025-09-17 00:09:26,770 [WARN] PackLoader:240 - Cannot read IP mode file for STMicroelectronics.X-CUBE-NFC4.3.0.0
2025-09-17 00:09:26,794 [WARN] PackLoader:240 - Cannot read IP mode file for EmbeddedOffice.I-CUBE-FS-RTOS.1.0.1
2025-09-17 00:09:26,801 [WARN] PackLoader:240 - Cannot read IP mode file for STMicroelectronics.X-CUBE-WB05N.2.0.0
2025-09-17 00:09:26,808 [WARN] PackLoader:240 - Cannot read IP mode file for wolfSSL.I-CUBE-wolfTPM.3.8.0
2025-09-17 00:09:26,815 [WARN] PackLoader:240 - Cannot read IP mode file for STMicroelectronics.X-CUBE-TCPP.4.2.0
2025-09-17 00:09:26,822 [WARN] PackLoader:240 - Cannot read IP mode file for RealThread.X-CUBE-RT-Thread_Nano.4.1.1
2025-09-17 00:09:26,828 [WARN] PackLoader:240 - Cannot read IP mode file for STMicroelectronics.FP-ATR-SIGFOX1.3.2.0
2025-09-17 00:09:26,835 [WARN] PackLoader:240 - Cannot read IP mode file for ITTIA_DB.I-CUBE-ITTIADB.8.9.0
2025-09-17 00:09:26,842 [WARN] PackLoader:240 - Cannot read IP mode file for STMicroelectronics.X-CUBE-ST67W61.1.0.0
2025-09-17 00:09:26,846 [WARN] PackLoader:240 - Cannot read IP mode file for STMicroelectronics.X-CUBE-AI.10.2.0
2025-09-17 00:09:26,886 [WARN] PackLoader:240 - Cannot read IP mode file for SEGGER.I-CUBE-embOS.1.3.1
2025-09-17 00:09:26,931 [WARN] PackLoader:240 - Cannot read IP mode file for STMicroelectronics.X-CUBE-ALGOBUILD.1.4.0
2025-09-17 00:09:26,978 [WARN] PackLoader:240 - Cannot read IP mode file for STMicroelectronics.X-CUBE-MEMS1.11.3.0
2025-09-17 00:09:27,128 [WARN] PackLoader:240 - Cannot read IP mode file for STMicroelectronics.X-CUBE-PM33A1.1.0.0
2025-09-17 00:09:27,151 [WARN] PackLoader:240 - Cannot read IP mode file for STMicroelectronics.X-CUBE-AZRTOS-F4.1.1.0
2025-09-17 00:09:27,181 [WARN] PackLoader:240 - Cannot read IP mode file for Avnet-IotConnect.X-CUBE-IoTC-DA16k-PMOD.1.0.0
2025-09-17 00:09:27,187 [WARN] PackLoader:240 - Cannot read IP mode file for STMicroelectronics.X-CUBE-ISPU.2.1.0
2025-09-17 00:09:27,197 [WARN] PackLoader:240 - Cannot read IP mode file for STMicroelectronics.X-CUBE-NFC12.1.0.0
2025-09-17 00:09:27,220 [WARN] PackLoader:240 - Cannot read IP mode file for STMicroelectronics.X-CUBE-AZRTOS-L5.2.0.0
2025-09-17 00:09:27,227 [WARN] PackLoader:240 - Cannot read IP mode file for STMicroelectronics.X-CUBE-NFC6.3.1.0
2025-09-17 00:09:27,233 [WARN] PackLoader:240 - Cannot read IP mode file for STMicroelectronics.X-CUBE-FREERTOS.1.3.1
2025-09-17 00:09:27,239 [WARN] PackLoader:240 - Cannot read IP mode file for STMicroelectronics.FP-SNS-STAIOTCFT.1.0.0
2025-09-17 00:09:27,245 [WARN] PackLoader:240 - Cannot read IP mode file for STMicroelectronics.X-CUBE-DPower.1.3.0
2025-09-17 00:09:27,259 [WARN] ConditionMgr:438 - getConditionDescription Invalid condition id : LAN8742 Phy interface Condition cause : null
2025-09-17 00:09:27,259 [WARN] PackLoader:240 - Cannot read IP mode file for STMicroelectronics.X-CUBE-AZRTOS-L4.2.0.0
2025-09-17 00:09:27,260 [WARN] ConditionMgr:1044 - genDependencies : Invalid condition id : LAN8742 Phy interface Condition cause : null
2025-09-17 00:09:27,260 [WARN] ConditionMgr:1044 - genDependencies : Invalid condition id : LAN8742 Phy interface Condition cause : null
2025-09-17 00:09:27,260 [WARN] ConditionMgr:1044 - genDependencies : Invalid condition id : LAN8742 Phy interface Condition cause : null
2025-09-17 00:09:27,266 [WARN] PackLoader:240 - Cannot read IP mode file for STMicroelectronics.X-CUBE-SFXS2LP1.4.0.0
2025-09-17 00:09:27,275 [WARN] PackLoader:240 - Cannot read IP mode file for STMicroelectronics.X-CUBE-BLEMGR.4.1.0
2025-09-17 00:09:27,287 [WARN] ConditionMgr:438 - getConditionDescription Invalid condition id : UX DEVICE CLASS RTOS Condition cause : null
2025-09-17 00:09:27,287 [WARN] ConditionMgr:438 - getConditionDescription Invalid condition id : UX DEVICE CLASS RTOS Condition cause : null
2025-09-17 00:09:27,289 [WARN] PackLoader:240 - Cannot read IP mode file for STMicroelectronics.X-CUBE-AZRTOS-WB.2.0.0
2025-09-17 00:09:27,289 [WARN] ConditionMgr:1044 - genDependencies : Invalid condition id : UX DEVICE CLASS RTOS Condition cause : null
2025-09-17 00:09:27,289 [WARN] ConditionMgr:1044 - genDependencies : Invalid condition id : UX DEVICE CLASS RTOS Condition cause : null
2025-09-17 00:09:27,289 [WARN] ConditionMgr:1044 - genDependencies : Invalid condition id : UX DEVICE CLASS RTOS Condition cause : null
2025-09-17 00:09:27,290 [WARN] ConditionMgr:1044 - genDependencies : Invalid condition id : UX DEVICE CLASS RTOS Condition cause : null
2025-09-17 00:09:27,290 [WARN] ConditionMgr:1044 - genDependencies : Invalid condition id : UX DEVICE CLASS RTOS Condition cause : null
2025-09-17 00:09:27,294 [WARN] PackLoader:240 - Cannot read IP mode file for STMicroelectronics.X-CUBE-GNSS1.7.0.1
2025-09-17 00:09:27,298 [WARN] PackLoader:240 - Cannot read IP mode file for STMicroelectronics.X-CUBE-TOUCHGFX.4.25.0
2025-09-17 00:09:27,301 [WARN] ConditionMgr:438 - getConditionDescription Invalid condition id : Cortex-A Device cause : null
2025-09-17 00:09:27,313 [WARN] ConditionMgr:1044 - genDependencies : Invalid condition id : Cortex-A Device cause : null
2025-09-17 00:09:27,313 [WARN] ConditionMgr:1044 - genDependencies : Invalid condition id : Cortex-A Device cause : null
2025-09-17 00:09:27,313 [WARN] ConditionMgr:1044 - genDependencies : Invalid condition id : Cortex-A Device cause : null
2025-09-17 00:09:27,325 [WARN] PackLoader:240 - Cannot read IP mode file for STMicroelectronics.X-CUBE-SUBG2.5.0.0
2025-09-17 00:09:27,340 [WARN] PackLoader:240 - Cannot read IP mode file for STMicroelectronics.X-CUBE-AZRTOS-H7RS.1.1.0
2025-09-17 00:09:27,351 [WARN] PackLoader:240 - Cannot read IP mode file for Cesanta.I-CUBE-Mongoose.7.13.0
2025-09-17 00:09:27,361 [WARN] PackLoader:240 - Cannot read IP mode file for STMicroelectronics.X-CUBE-AZRTOS-G4.2.0.0
2025-09-17 00:09:27,365 [WARN] PackLoader:240 - Cannot read IP mode file for wolfSSL.I-CUBE-wolfSSH.1.4.20
2025-09-17 00:09:27,368 [WARN] PackLoader:240 - Cannot read IP mode file for STMicroelectronics.X-CUBE-NFC7.2.0.0
2025-09-17 00:09:27,378 [WARN] PackLoader:240 - Cannot read IP mode file for STMicroelectronics.X-CUBE-IPS.3.1.0
2025-09-17 00:09:27,384 [WARN] PackLoader:240 - Cannot read IP mode file for STMicroelectronics.X-CUBE-ALS.1.0.2
2025-09-17 00:09:27,389 [WARN] PackLoader:240 - Cannot read IP mode file for STMicroelectronics.X-CUBE-STSE01.1.0.0
2025-09-17 00:09:27,396 [WARN] PackLoader:240 - Cannot read IP mode file for STMicroelectronics.X-CUBE-TOF1.3.4.3
2025-09-17 00:09:27,405 [INFO] ThirdParty:978 - Integrity check success = true
2025-09-17 00:09:27,405 [INFO] IntegrityCheckThread:100 - exiting critical section [integrity check]
2025-09-17 00:09:27,405 [INFO] IntegrityCheckThread:103 - End integrity checks thread
2025-09-17 00:10:04,742 [ERROR] LogOutputStream:75 - [STDERR_REDIRECT] 
