2025-09-17 01:34:29,112 [INFO] Activator:176 - 


2025-09-17 01:34:29,114 [INFO] Activator:177 - !SESSION log4j initialized
2025-09-17 01:34:31,171 [INFO] LogOutputStream:77 - [STDOUT_REDIRECT] 
2025-09-17 01:34:33,439 [INFO] ApplicationProperties:184 - Using Application install path: C:\ST\STM32CubeIDE_1.19.0\STM32CubeIDE\plugins\com.st.stm32cube.common.mx_6.15.0.202507011659
2025-09-17 01:34:33,455 [INFO] DbMcusXml:78 - Set database path to: C:\ST\STM32CubeIDE_1.19.0\STM32CubeIDE\plugins\com.st.stm32cube.common.mx_6.15.0.202507011659\\db\/mcu/
2025-09-17 01:34:33,455 [INFO] ApiDb:274 - Set plugin database path to: C:\ST\STM32CubeIDE_1.19.0\STM32CubeIDE\plugins\com.st.stm32cube.common.mx_6.15.0.202507011659\\db\/plugins/boardmanager/
2025-09-17 01:34:33,456 [WARN] ApiDb:259 - Overriding images path with different value:  => C:\ST\STM32CubeIDE_1.19.0\STM32CubeIDE\plugins\com.st.stm32cube.common.mx_6.15.0.202507011659\\db\/plugins/mcufinder/images/
2025-09-17 01:34:33,461 [INFO] ApiDb:250 - Set database path to: C:\Users\USUARIO\.stmcufinder\plugins\mcufinder//mcu/
2025-09-17 01:34:33,462 [INFO] DbMcusAds:125 - Set database path to: C:\Users\USUARIO\.stmcufinder\plugins\mcufinder//mcu/
2025-09-17 01:34:33,465 [INFO] CrossReferenceDbSqlite:203 - Set database path to: C:\Users\USUARIO\.stmcufinder\plugins\mcufinder//mcu/cs/
2025-09-17 01:34:33,579 [INFO] RulesReader:64 - Compatibility file has been processed (317 Rules)
2025-09-17 01:34:33,650 [INFO] DbMcusXml:78 - Set database path to: C:\ST\STM32CubeIDE_1.19.0\STM32CubeIDE\plugins\com.st.stm32cube.common.mx_6.15.0.202507011659\\db\/mcu/
2025-09-17 01:34:33,650 [INFO] ApiDb:274 - Set plugin database path to: C:\ST\STM32CubeIDE_1.19.0\STM32CubeIDE\plugins\com.st.stm32cube.common.mx_6.15.0.202507011659\\db\/plugins/boardmanager/
2025-09-17 01:34:33,650 [INFO] ApiDb:261 - Set plugin images path to: C:\ST\STM32CubeIDE_1.19.0\STM32CubeIDE\plugins\com.st.stm32cube.common.mx_6.15.0.202507011659\\db\/plugins/mcufinder/images/
2025-09-17 01:34:33,651 [WARN] DbFile:41 - Overriding database path with different value: C:\Users\USUARIO\.stmcufinder\plugins\mcufinder/ => C:\Users\USUARIO\.stmcufinder\plugins\mcufinder
2025-09-17 01:34:33,651 [INFO] ApiDb:250 - Set database path to: C:\Users\USUARIO\.stmcufinder\plugins\mcufinder//mcu/
2025-09-17 01:34:33,651 [WARN] DbFile:41 - Overriding database path with different value: C:\Users\USUARIO\.stmcufinder\plugins\mcufinder/ => C:\Users\USUARIO\.stmcufinder\plugins\mcufinder
2025-09-17 01:34:33,651 [INFO] DbMcusAds:125 - Set database path to: C:\Users\USUARIO\.stmcufinder\plugins\mcufinder//mcu/
2025-09-17 01:34:33,651 [WARN] DbFile:41 - Overriding database path with different value: C:\Users\USUARIO\.stmcufinder\plugins\mcufinder/ => C:\Users\USUARIO\.stmcufinder\plugins\mcufinder
2025-09-17 01:34:33,651 [WARN] DbFile:41 - Overriding database path with different value: C:\Users\USUARIO\.stmcufinder\plugins\mcufinder/ => C:\Users\USUARIO\.stmcufinder\plugins\mcufinder
2025-09-17 01:34:33,651 [INFO] CrossReferenceDbSqlite:203 - Set database path to: C:\Users\USUARIO\.stmcufinder\plugins\mcufinder//mcu/cs/
2025-09-17 01:34:33,702 [INFO] MainPanel:274 - HeapMemory: 268435456
2025-09-17 01:34:33,770 [INFO] DbMcusXml:78 - Set database path to: C:\ST\STM32CubeIDE_1.19.0\STM32CubeIDE\plugins\com.st.stm32cube.common.mx_6.15.0.202507011659\\db\/mcu/
2025-09-17 01:34:33,770 [INFO] ApiDb:274 - Set plugin database path to: C:\ST\STM32CubeIDE_1.19.0\STM32CubeIDE\plugins\com.st.stm32cube.common.mx_6.15.0.202507011659\\db\/plugins/boardmanager/
2025-09-17 01:34:33,770 [INFO] ApiDb:261 - Set plugin images path to: C:\ST\STM32CubeIDE_1.19.0\STM32CubeIDE\plugins\com.st.stm32cube.common.mx_6.15.0.202507011659\\db\/plugins/mcufinder/images/
2025-09-17 01:34:33,770 [WARN] DbFile:41 - Overriding database path with different value: C:\Users\USUARIO\.stmcufinder\plugins\mcufinder/ => C:\Users\USUARIO\.stmcufinder\plugins\mcufinder
2025-09-17 01:34:33,770 [INFO] ApiDb:250 - Set database path to: C:\Users\USUARIO\.stmcufinder\plugins\mcufinder//mcu/
2025-09-17 01:34:33,770 [WARN] DbFile:41 - Overriding database path with different value: C:\Users\USUARIO\.stmcufinder\plugins\mcufinder/ => C:\Users\USUARIO\.stmcufinder\plugins\mcufinder
2025-09-17 01:34:33,770 [INFO] DbMcusAds:125 - Set database path to: C:\Users\USUARIO\.stmcufinder\plugins\mcufinder//mcu/
2025-09-17 01:34:33,770 [WARN] DbFile:41 - Overriding database path with different value: C:\Users\USUARIO\.stmcufinder\plugins\mcufinder/ => C:\Users\USUARIO\.stmcufinder\plugins\mcufinder
2025-09-17 01:34:33,770 [WARN] DbFile:41 - Overriding database path with different value: C:\Users\USUARIO\.stmcufinder\plugins\mcufinder/ => C:\Users\USUARIO\.stmcufinder\plugins\mcufinder
2025-09-17 01:34:33,771 [INFO] CrossReferenceDbSqlite:203 - Set database path to: C:\Users\USUARIO\.stmcufinder\plugins\mcufinder//mcu/cs/
2025-09-17 01:34:33,785 [INFO] ApplicationProperties:184 - Using Application install path: C:\ST\STM32CubeIDE_1.19.0\STM32CubeIDE\plugins\com.st.stm32cube.common.mx_6.15.0.202507011659
2025-09-17 01:34:33,786 [INFO] PluginManage:196 - Search for loadable plugins [exclusion list=, ]
2025-09-17 01:34:33,788 [INFO] PluginManage:310 - Check plugin analytics
2025-09-17 01:34:34,013 [INFO] AnalyticsPlugin:253 - Accepted Software Licenses: 
2025-09-17 01:34:34,013 [INFO] AnalyticsPlugin:255 - Accepted CMSIS Pack Licenses: 
2025-09-17 01:34:34,013 [INFO] AnalyticsPlugin:257 - Accepted Firmware Licenses: FW.F4.1.28.0
2025-09-17 01:34:34,019 [INFO] PluginManage:359 - Loaded plugin analytics (category:tool,tabindex:-1)
2025-09-17 01:34:34,020 [INFO] PluginManage:310 - Check plugin cadmodel
2025-09-17 01:34:34,025 [INFO] CADModel:105 - Init CAD model plugin
2025-09-17 01:34:34,025 [INFO] PluginManage:359 - Loaded plugin cadmodel (category:power,tabindex:5)
2025-09-17 01:34:34,025 [INFO] PluginManage:310 - Check plugin clock
2025-09-17 01:34:34,038 [INFO] PluginManage:359 - Loaded plugin clock (category:base,tabindex:2)
2025-09-17 01:34:34,038 [INFO] PluginManage:310 - Check plugin ddr
2025-09-17 01:34:34,040 [INFO] PluginManage:359 - Loaded plugin ddr (category:tool,tabindex:6)
2025-09-17 01:34:34,040 [INFO] PluginManage:310 - Check plugin filemanager
2025-09-17 01:34:34,228 [INFO] PluginManage:359 - Loaded plugin filemanager (category:base,tabindex:10)
2025-09-17 01:34:34,229 [INFO] PluginManage:310 - Check plugin ipmanager
2025-09-17 01:34:34,238 [INFO] PluginManage:359 - Loaded plugin ipmanager (category:base,tabindex:5)
2025-09-17 01:34:34,238 [INFO] PluginManage:310 - Check plugin lpbam
2025-09-17 01:34:34,244 [INFO] PluginManage:359 - Loaded plugin lpbam (category:base,tabindex:0)
2025-09-17 01:34:34,244 [INFO] PluginManage:310 - Check plugin memorymap
2025-09-17 01:34:34,262 [INFO] PluginManage:359 - Loaded plugin memorymap (category:base,tabindex:4)
2025-09-17 01:34:34,262 [INFO] PluginManage:310 - Check plugin pinoutandconfiguration
2025-09-17 01:34:34,271 [INFO] PluginManage:359 - Loaded plugin pinoutandconfiguration (category:base,tabindex:1)
2025-09-17 01:34:34,271 [INFO] PluginManage:310 - Check plugin pinoutconfig
2025-09-17 01:34:34,352 [WARN] SupportedApi:132 - Cannot load RTOS API schema: s4s-elt-must-match.1: The content of 'definitions' must match (annotation?, (simpleType | complexType)?, (unique | key | keyref)*)). A problem was found starting at: attribute.
2025-09-17 01:34:34,457 [INFO] PluginManage:359 - Loaded plugin pinoutconfig (category:base,tabindex:0)
2025-09-17 01:34:34,457 [INFO] PluginManage:310 - Check plugin power
2025-09-17 01:34:34,464 [INFO] PluginManage:359 - Loaded plugin power (category:power,tabindex:4)
2025-09-17 01:34:34,464 [INFO] PluginManage:310 - Check plugin projectmanager
2025-09-17 01:34:34,482 [INFO] PluginManage:359 - Loaded plugin projectmanager (category:projectmanager,tabindex:4)
2025-09-17 01:34:34,482 [INFO] PluginManage:310 - Check plugin rif
2025-09-17 01:34:34,489 [INFO] PluginManage:359 - Loaded plugin rif (category:base,tabindex:3)
2025-09-17 01:34:34,489 [INFO] PluginManage:310 - Check plugin thirdparty
2025-09-17 01:34:34,640 [INFO] PluginManage:359 - Loaded plugin thirdparty (category:base,tabindex:-1)
2025-09-17 01:34:34,640 [INFO] PluginManage:310 - Check plugin tools
2025-09-17 01:34:34,640 [WARN] IntegrityCheckThread:84 - waiting for thirdparty lock release [integrity check]
2025-09-17 01:34:34,640 [INFO] IntegrityCheckThread:86 - entering critical section [integrity check]
2025-09-17 01:34:34,641 [INFO] ThirdPartyUpdaterWithRetryManager:70 - Updater plugin not ready yet. [1/15]
2025-09-17 01:34:34,643 [INFO] PluginManage:359 - Loaded plugin tools (category:base,tabindex:7)
2025-09-17 01:34:34,643 [INFO] PluginManage:310 - Check plugin tutovideos
2025-09-17 01:34:34,831 [INFO] PluginManage:359 - Loaded plugin tutovideos (category:base,tabindex:-1)
2025-09-17 01:34:34,831 [INFO] PluginManage:310 - Check plugin updater
2025-09-17 01:34:34,854 [INFO] PluginManage:359 - Loaded plugin updater (category:base,tabindex:12)
2025-09-17 01:34:34,854 [INFO] PluginManage:310 - Check plugin userauth
2025-09-17 01:34:34,859 [INFO] UserAuth:118 - Init User Auth plugin
2025-09-17 01:34:34,860 [INFO] PluginManage:359 - Loaded plugin userauth (category:base,tabindex:14)
2025-09-17 01:34:34,861 [INFO] PluginManage:283 - PluginManage : Loaded plugins [18]
2025-09-17 01:34:35,080 [INFO] PinOutPanel:1589 - setPackage(No Configuration,No Configuration)
2025-09-17 01:34:35,154 [INFO] CADModel:165 - CPN selected for project level
2025-09-17 01:34:35,155 [INFO] CADModel:114 - Register for checkConnection events
2025-09-17 01:34:35,164 [INFO] IPUIPlugin:80 - create IPUIPlugin
2025-09-17 01:34:35,165 [INFO] PluginManager:220 - loadIPPluginJar : add adc
2025-09-17 01:34:35,167 [INFO] IPUIPlugin:80 - create IPUIPlugin
2025-09-17 01:34:35,167 [INFO] PluginManager:220 - loadIPPluginJar : add aes
2025-09-17 01:34:35,169 [INFO] IPUIPlugin:80 - create IPUIPlugin
2025-09-17 01:34:35,169 [INFO] PluginManager:220 - loadIPPluginJar : add can
2025-09-17 01:34:35,171 [INFO] IPUIPlugin:80 - create IPUIPlugin
2025-09-17 01:34:35,171 [INFO] PluginManager:220 - loadIPPluginJar : add comp
2025-09-17 01:34:35,172 [INFO] IPUIPlugin:80 - create IPUIPlugin
2025-09-17 01:34:35,172 [INFO] PluginManager:220 - loadIPPluginJar : add cryp
2025-09-17 01:34:35,174 [INFO] IPUIPlugin:80 - create IPUIPlugin
2025-09-17 01:34:35,174 [INFO] PluginManager:220 - loadIPPluginJar : add ddr_ctrl_phy
2025-09-17 01:34:35,175 [INFO] IPUIPlugin:80 - create IPUIPlugin
2025-09-17 01:34:35,175 [INFO] PluginManager:220 - loadIPPluginJar : add dfsdm
2025-09-17 01:34:35,179 [INFO] IPUIPlugin:80 - create IPUIPlugin
2025-09-17 01:34:35,179 [INFO] PluginManager:220 - loadIPPluginJar : add dma
2025-09-17 01:34:35,180 [INFO] IPUIPlugin:80 - create IPUIPlugin
2025-09-17 01:34:35,180 [INFO] PluginManager:220 - loadIPPluginJar : add dma3
2025-09-17 01:34:35,182 [INFO] IPUIPlugin:80 - create IPUIPlugin
2025-09-17 01:34:35,182 [INFO] PluginManager:220 - loadIPPluginJar : add extmemmanager
2025-09-17 01:34:35,183 [INFO] IPUIPlugin:80 - create IPUIPlugin
2025-09-17 01:34:35,183 [INFO] PluginManager:220 - loadIPPluginJar : add fatfs
2025-09-17 01:34:35,186 [INFO] IPUIPlugin:80 - create IPUIPlugin
2025-09-17 01:34:35,187 [INFO] PluginManager:220 - loadIPPluginJar : add fmc
2025-09-17 01:34:35,192 [INFO] IPUIPlugin:80 - create IPUIPlugin
2025-09-17 01:34:35,192 [INFO] PluginManager:220 - loadIPPluginJar : add freertos
2025-09-17 01:34:35,193 [INFO] IPUIPlugin:80 - create IPUIPlugin
2025-09-17 01:34:35,193 [INFO] PluginManager:220 - loadIPPluginJar : add genericplugin
2025-09-17 01:34:35,194 [INFO] IPUIPlugin:80 - create IPUIPlugin
2025-09-17 01:34:35,194 [INFO] PluginManager:220 - loadIPPluginJar : add gfxmmu
2025-09-17 01:34:35,202 [INFO] IPUIPlugin:80 - create IPUIPlugin
2025-09-17 01:34:35,202 [INFO] PluginManager:220 - loadIPPluginJar : add gic
2025-09-17 01:34:35,205 [INFO] IPUIPlugin:80 - create IPUIPlugin
2025-09-17 01:34:35,205 [INFO] PluginManager:220 - loadIPPluginJar : add gpio
2025-09-17 01:34:35,206 [INFO] IPUIPlugin:80 - create IPUIPlugin
2025-09-17 01:34:35,206 [INFO] PluginManager:220 - loadIPPluginJar : add gtzc
2025-09-17 01:34:35,208 [INFO] IPUIPlugin:80 - create IPUIPlugin
2025-09-17 01:34:35,208 [INFO] PluginManager:220 - loadIPPluginJar : add hash
2025-09-17 01:34:35,209 [INFO] IPUIPlugin:80 - create IPUIPlugin
2025-09-17 01:34:35,209 [INFO] PluginManager:220 - loadIPPluginJar : add i2c
2025-09-17 01:34:35,216 [INFO] IPUIPlugin:80 - create IPUIPlugin
2025-09-17 01:34:35,216 [INFO] PluginManager:220 - loadIPPluginJar : add i2s
2025-09-17 01:34:35,221 [INFO] IPUIPlugin:80 - create IPUIPlugin
2025-09-17 01:34:35,221 [INFO] PluginManager:220 - loadIPPluginJar : add i3c
2025-09-17 01:34:35,225 [INFO] IPUIPlugin:80 - create IPUIPlugin
2025-09-17 01:34:35,225 [INFO] PluginManager:220 - loadIPPluginJar : add ipddr
2025-09-17 01:34:35,229 [INFO] IPUIPlugin:80 - create IPUIPlugin
2025-09-17 01:34:35,230 [INFO] PluginManager:220 - loadIPPluginJar : add linkedlist
2025-09-17 01:34:35,236 [INFO] IPUIPlugin:80 - create IPUIPlugin
2025-09-17 01:34:35,236 [INFO] PluginManager:220 - loadIPPluginJar : add lorawan
2025-09-17 01:34:35,238 [INFO] IPUIPlugin:80 - create IPUIPlugin
2025-09-17 01:34:35,238 [INFO] PluginManager:220 - loadIPPluginJar : add ltdc
2025-09-17 01:34:35,244 [INFO] IPUIPlugin:80 - create IPUIPlugin
2025-09-17 01:34:35,244 [INFO] PluginManager:220 - loadIPPluginJar : add mdma
2025-09-17 01:34:35,246 [INFO] IPUIPlugin:80 - create IPUIPlugin
2025-09-17 01:34:35,246 [INFO] PluginManager:220 - loadIPPluginJar : add nvic
2025-09-17 01:34:35,248 [INFO] IPUIPlugin:80 - create IPUIPlugin
2025-09-17 01:34:35,248 [INFO] PluginManager:220 - loadIPPluginJar : add opamp
2025-09-17 01:34:35,251 [INFO] IPUIPlugin:80 - create IPUIPlugin
2025-09-17 01:34:35,251 [INFO] PluginManager:220 - loadIPPluginJar : add openamp
2025-09-17 01:34:35,254 [INFO] IPUIPlugin:80 - create IPUIPlugin
2025-09-17 01:34:35,254 [INFO] PluginManager:220 - loadIPPluginJar : add pdm2pcm
2025-09-17 01:34:35,260 [INFO] IPUIPlugin:80 - create IPUIPlugin
2025-09-17 01:34:35,264 [INFO] PluginManager:220 - loadIPPluginJar : add plateformsettings
2025-09-17 01:34:35,267 [INFO] IPUIPlugin:80 - create IPUIPlugin
2025-09-17 01:34:35,267 [INFO] PluginManager:220 - loadIPPluginJar : add quadspi
2025-09-17 01:34:35,269 [INFO] IPUIPlugin:80 - create IPUIPlugin
2025-09-17 01:34:35,270 [INFO] PluginManager:220 - loadIPPluginJar : add radio
2025-09-17 01:34:35,272 [INFO] IPUIPlugin:80 - create IPUIPlugin
2025-09-17 01:34:35,272 [INFO] PluginManager:220 - loadIPPluginJar : add resmgrutility
2025-09-17 01:34:35,274 [INFO] IPUIPlugin:80 - create IPUIPlugin
2025-09-17 01:34:35,274 [INFO] PluginManager:220 - loadIPPluginJar : add sai
2025-09-17 01:34:35,275 [INFO] IPUIPlugin:80 - create IPUIPlugin
2025-09-17 01:34:35,275 [INFO] PluginManager:220 - loadIPPluginJar : add spi
2025-09-17 01:34:35,279 [INFO] IPUIPlugin:80 - create IPUIPlugin
2025-09-17 01:34:35,279 [INFO] PluginManager:220 - loadIPPluginJar : add stm32_wpan
2025-09-17 01:34:35,280 [INFO] IPUIPlugin:80 - create IPUIPlugin
2025-09-17 01:34:35,280 [INFO] PluginManager:220 - loadIPPluginJar : add tim
2025-09-17 01:34:35,283 [INFO] IPUIPlugin:80 - create IPUIPlugin
2025-09-17 01:34:35,283 [INFO] PluginManager:220 - loadIPPluginJar : add touchsensing
2025-09-17 01:34:35,287 [INFO] IPUIPlugin:80 - create IPUIPlugin
2025-09-17 01:34:35,287 [INFO] PluginManager:220 - loadIPPluginJar : add tracer_emb
2025-09-17 01:34:35,290 [INFO] IPUIPlugin:80 - create IPUIPlugin
2025-09-17 01:34:35,290 [INFO] PluginManager:220 - loadIPPluginJar : add ts
2025-09-17 01:34:35,291 [INFO] IPUIPlugin:80 - create IPUIPlugin
2025-09-17 01:34:35,291 [INFO] PluginManager:220 - loadIPPluginJar : add tsc
2025-09-17 01:34:35,292 [INFO] IPUIPlugin:80 - create IPUIPlugin
2025-09-17 01:34:35,292 [INFO] PluginManager:220 - loadIPPluginJar : add ucpd
2025-09-17 01:34:35,297 [INFO] IPUIPlugin:80 - create IPUIPlugin
2025-09-17 01:34:35,297 [INFO] PluginManager:220 - loadIPPluginJar : add usart
2025-09-17 01:34:35,301 [INFO] IPUIPlugin:80 - create IPUIPlugin
2025-09-17 01:34:35,301 [INFO] PluginManager:220 - loadIPPluginJar : add usbx
2025-09-17 01:34:35,420 [FATAL] Updater:351 - Updater called before beeing initialized
2025-09-17 01:34:35,443 [INFO] RulesReader:64 - Compatibility file has been processed (317 Rules)
2025-09-17 01:34:35,452 [INFO] RulesReader:64 - Compatibility file has been processed (317 Rules)
2025-09-17 01:34:35,462 [INFO] CADModel:165 - CPN selected for project level
2025-09-17 01:34:35,462 [INFO] CADModel:114 - Register for checkConnection events
2025-09-17 01:34:35,462 [FATAL] Updater:351 - Updater called before beeing initialized
2025-09-17 01:34:35,462 [ERROR] CADModel:125 - Updater not yet initialized, retry later 
2025-09-17 01:34:35,629 [FATAL] Updater:351 - Updater called before beeing initialized
2025-09-17 01:34:35,632 [INFO] CADModel:165 - CPN selected for project level
2025-09-17 01:34:35,632 [INFO] CADModel:114 - Register for checkConnection events
2025-09-17 01:34:35,632 [FATAL] Updater:351 - Updater called before beeing initialized
2025-09-17 01:34:35,632 [ERROR] CADModel:125 - Updater not yet initialized, retry later 
2025-09-17 01:34:35,636 [FATAL] Updater:351 - Updater called before beeing initialized
2025-09-17 01:34:35,743 [FATAL] Updater:351 - Updater called before beeing initialized
2025-09-17 01:34:35,754 [INFO] DbMcusAds:53 - JSON generation date=Tue Jul 08 03:14:23 COT 2025 (1751962463541)
2025-09-17 01:34:35,754 [FATAL] Updater:351 - Updater called before beeing initialized
2025-09-17 01:34:35,789 [WARN] DetailPanel:346 - Failed to get advertising image, set to default
2025-09-17 01:34:35,865 [FATAL] Updater:351 - Updater called before beeing initialized
2025-09-17 01:34:35,866 [FATAL] Updater:351 - Updater called before beeing initialized
2025-09-17 01:34:35,867 [FATAL] Updater:351 - Updater called before beeing initialized
2025-09-17 01:34:35,867 [WARN] DetailPanel:346 - Failed to get advertising image, set to default
2025-09-17 01:34:35,867 [FATAL] Updater:351 - Updater called before beeing initialized
2025-09-17 01:34:35,905 [ERROR] Updater:1198 - MainUpdater not yet initialized. External WinMGr cannot be set.
2025-09-17 01:34:35,907 [INFO] Updater:1134 - Updater Version found : 6.15.0
2025-09-17 01:34:35,924 [INFO] ApplicationProperties:184 - Using Application install path: C:\ST\STM32CubeIDE_1.19.0\STM32CubeIDE\plugins\com.st.stm32cube.common.mx_6.15.0.202507011659
2025-09-17 01:34:37,494 [ERROR] LogOutputStream:75 - [STDERR_REDIRECT] Sep 17, 2025 1:34:37 AM java.util.prefs.WindowsPreferences <init>
2025-09-17 01:34:37,495 [ERROR] LogOutputStream:75 - [STDERR_REDIRECT] WARNING: Could not open/create prefs root node Software\JavaSoft\Prefs at root 0xffffffff80000002. Windows RegCreateKeyEx(...) returned error code 5.
2025-09-17 01:34:37,496 [ERROR] LogOutputStream:75 - [STDERR_REDIRECT] 
2025-09-17 01:34:37,642 [INFO] ThirdPartyUpdaterWithRetryManager:70 - Updater plugin not ready yet. [2/15]
2025-09-17 01:34:37,773 [INFO] MainUpdater:2872 - connection check result : 10
2025-09-17 01:34:37,774 [INFO] MainUpdater:289 - Updater Check For Update Now.
2025-09-17 01:34:37,774 [INFO] MicroXplorer:498 - Change Database Version : DB.6.0.150
2025-09-17 01:34:37,790 [INFO] McuFinderGlobals:63 - Set McuFinder mode to 2 (CubeIDE integrated)
2025-09-17 01:34:37,790 [INFO] UserAuth:171 - activating auth plugin
2025-09-17 01:34:37,792 [INFO] UserAuth:487 - Internet connection configuration mode: 1
2025-09-17 01:34:37,826 [INFO] JxBrowserEngine:152 - Initiate JxBrowser Engine with user profile folder
2025-09-17 01:34:37,967 [INFO] CheckServerUpdateThread:120 - End of CheckServer Thread
2025-09-17 01:34:38,497 [INFO] WebApp:169 - Instantiating new browser for Auth
2025-09-17 01:34:39,094 [INFO] WebApp:463 - Apply proxy settings
2025-09-17 01:34:39,094 [INFO] WebApp:548 - Chromium requires no authentication
2025-09-17 01:34:39,099 [INFO] WebApp:491 - Direct internet connection detected
2025-09-17 01:34:39,116 [INFO] WebApp:900 - Register for checkConnection events
2025-09-17 01:34:39,116 [INFO] WebApp:463 - Apply proxy settings
2025-09-17 01:34:39,116 [INFO] WebApp:548 - Chromium requires no authentication
2025-09-17 01:34:39,116 [INFO] WebApp:491 - Direct internet connection detected
2025-09-17 01:34:39,247 [INFO] WebApp:225 - Starting web application
2025-09-17 01:34:39,247 [INFO] WebApp:593 - Web application path used C:\ST\STM32CubeIDE_1.19.0\STM32CubeIDE\plugins\com.st.stm32cube.common.mx_6.15.0.202507011659\db\plugins\mcufinder\reactClient1\index.html
2025-09-17 01:34:40,829 [INFO] WebApp:191 - Connection restablished
2025-09-17 01:34:40,865 [WARN] PackLoader:240 - Cannot read IP mode file for STMicroelectronics.FP-SNS-MOTENVWB1.1.4.0
2025-09-17 01:34:40,879 [WARN] PackLoader:240 - Cannot read IP mode file for STMicroelectronics.FP-ATR-ASTRA1.2.0.2
2025-09-17 01:34:40,897 [WARN] PackLoader:240 - Cannot read IP mode file for STMicroelectronics.X-CUBE-SMBUS.2.1.0
2025-09-17 01:34:40,905 [WARN] PackLoader:240 - Cannot read IP mode file for STMicroelectronics.X-CUBE-ST60.1.0.0
2025-09-17 01:34:40,956 [WARN] PackLoader:240 - Cannot read IP mode file for STMicroelectronics.X-CUBE-AZRTOS-F7.1.1.0
2025-09-17 01:34:40,985 [WARN] PackLoader:240 - Cannot read IP mode file for WES.I-CUBE-Cesium.1.4.0
2025-09-17 01:34:41,034 [WARN] PackLoader:240 - Cannot read IP mode file for Infineon.AIROC-Wi-Fi-Bluetooth-STM32.1.7.1
2025-09-17 01:34:41,087 [WARN] PackLoader:240 - Cannot read IP mode file for STMicroelectronics.X-CUBE-AZRTOS-H7.3.4.0
2025-09-17 01:34:41,106 [WARN] PackLoader:240 - Cannot read IP mode file for STMicroelectronics.X-CUBE-DISPLAY.3.0.0
2025-09-17 01:34:41,123 [WARN] PackLoader:240 - Cannot read IP mode file for STMicroelectronics.X-CUBE-NFC10.1.0.0
2025-09-17 01:34:41,132 [WARN] PackLoader:240 - Cannot read IP mode file for emotas.I-CUBE-CANOPEN.1.3.0
2025-09-17 01:34:41,139 [WARN] PackLoader:240 - Cannot read IP mode file for STMicroelectronics.FP-SNS-STBOX1.2.1.0
2025-09-17 01:34:41,147 [WARN] PackLoader:240 - Cannot read IP mode file for STMicroelectronics.FP-SNS-SMARTAG2.1.2.0
2025-09-17 01:34:41,152 [WARN] PackLoader:240 - Cannot read IP mode file for STMicroelectronics.FP-SNS-FLIGHT1.5.1.0
2025-09-17 01:34:41,164 [INFO] LogOutputStream:77 - [STDOUT_REDIRECT] 1 : Invalid condition id : UX_CORESTACK_Condition cause : null
2025-09-17 01:34:41,165 [INFO] LogOutputStream:77 - [STDOUT_REDIRECT] 1 : Invalid condition id : UX_CORESTACK_Condition cause : null
2025-09-17 01:34:41,167 [INFO] LogOutputStream:77 - [STDOUT_REDIRECT] 1 : Invalid condition id : UX_CORESTACK_Condition cause : null
2025-09-17 01:34:41,169 [INFO] LogOutputStream:77 - [STDOUT_REDIRECT] 1 : Invalid condition id : UX_CORESTACK_Condition cause : null
2025-09-17 01:34:41,171 [INFO] LogOutputStream:77 - [STDOUT_REDIRECT] 1 : Invalid condition id : UX_CORESTACK_Condition cause : null
2025-09-17 01:34:41,177 [WARN] PackLoader:240 - Cannot read IP mode file for STMicroelectronics.X-CUBE-AZRTOS-WL.2.0.0
2025-09-17 01:34:41,184 [WARN] PackLoader:240 - Cannot read IP mode file for STMicroelectronics.FP-SNS-MOTENV1.5.0.0
2025-09-17 01:34:41,190 [WARN] PackLoader:240 - Cannot read IP mode file for STMicroelectronics.X-CUBE-BLE2.3.3.0
2025-09-17 01:34:41,196 [WARN] PackLoader:240 - Cannot read IP mode file for STMicroelectronics.X-CUBE-NFC9.1.0.0
2025-09-17 01:34:41,203 [WARN] PackLoader:240 - Cannot read IP mode file for wolfSSL.I-CUBE-wolfSSL.5.8.2
2025-09-17 01:34:41,207 [WARN] PackLoader:240 - Cannot read IP mode file for STMicroelectronics.X-CUBE-BLE1.7.1.0
2025-09-17 01:34:41,211 [WARN] PackLoader:240 - Cannot read IP mode file for wolfSSL.I-CUBE-wolfMQTT.1.19.2
2025-09-17 01:34:41,227 [WARN] PackLoader:240 - Cannot read IP mode file for STMicroelectronics.X-CUBE-EEPRMA1.5.2.0
2025-09-17 01:34:41,244 [WARN] PackLoader:240 - Cannot read IP mode file for STMicroelectronics.X-CUBE-AZRTOS-G0.1.1.0
2025-09-17 01:34:41,251 [WARN] PackLoader:240 - Cannot read IP mode file for STMicroelectronics.X-CUBE-SAFEA1.1.2.2
2025-09-17 01:34:41,257 [WARN] PackLoader:240 - Cannot read IP mode file for STMicroelectronics.X-CUBE-NFC4.3.0.0
2025-09-17 01:34:41,267 [WARN] PackLoader:240 - Cannot read IP mode file for EmbeddedOffice.I-CUBE-FS-RTOS.1.0.1
2025-09-17 01:34:41,273 [WARN] PackLoader:240 - Cannot read IP mode file for STMicroelectronics.X-CUBE-WB05N.2.0.0
2025-09-17 01:34:41,278 [WARN] PackLoader:240 - Cannot read IP mode file for wolfSSL.I-CUBE-wolfTPM.3.8.0
2025-09-17 01:34:41,285 [WARN] PackLoader:240 - Cannot read IP mode file for STMicroelectronics.X-CUBE-TCPP.4.2.0
2025-09-17 01:34:41,291 [WARN] PackLoader:240 - Cannot read IP mode file for RealThread.X-CUBE-RT-Thread_Nano.4.1.1
2025-09-17 01:34:41,295 [WARN] PackLoader:240 - Cannot read IP mode file for STMicroelectronics.FP-ATR-SIGFOX1.3.2.0
2025-09-17 01:34:41,300 [WARN] PackLoader:240 - Cannot read IP mode file for ITTIA_DB.I-CUBE-ITTIADB.8.9.0
2025-09-17 01:34:41,307 [WARN] PackLoader:240 - Cannot read IP mode file for STMicroelectronics.X-CUBE-ST67W61.1.0.0
2025-09-17 01:34:41,311 [WARN] PackLoader:240 - Cannot read IP mode file for STMicroelectronics.X-CUBE-AI.10.2.0
2025-09-17 01:34:41,344 [WARN] PackLoader:240 - Cannot read IP mode file for SEGGER.I-CUBE-embOS.1.3.1
2025-09-17 01:34:41,387 [WARN] PackLoader:240 - Cannot read IP mode file for STMicroelectronics.X-CUBE-ALGOBUILD.1.4.0
2025-09-17 01:34:41,428 [WARN] PackLoader:240 - Cannot read IP mode file for STMicroelectronics.X-CUBE-MEMS1.11.3.0
2025-09-17 01:34:41,641 [WARN] PackLoader:240 - Cannot read IP mode file for STMicroelectronics.X-CUBE-PM33A1.1.0.0
2025-09-17 01:34:41,654 [WARN] PackLoader:240 - Cannot read IP mode file for STMicroelectronics.X-CUBE-AZRTOS-F4.1.1.0
2025-09-17 01:34:41,659 [WARN] PackLoader:240 - Cannot read IP mode file for Avnet-IotConnect.X-CUBE-IoTC-DA16k-PMOD.1.0.0
2025-09-17 01:34:41,663 [WARN] PackLoader:240 - Cannot read IP mode file for STMicroelectronics.X-CUBE-ISPU.2.1.0
2025-09-17 01:34:41,668 [WARN] PackLoader:240 - Cannot read IP mode file for STMicroelectronics.X-CUBE-NFC12.1.0.0
2025-09-17 01:34:41,681 [WARN] PackLoader:240 - Cannot read IP mode file for STMicroelectronics.X-CUBE-AZRTOS-L5.2.0.0
2025-09-17 01:34:41,688 [WARN] PackLoader:240 - Cannot read IP mode file for STMicroelectronics.X-CUBE-NFC6.3.1.0
2025-09-17 01:34:41,695 [WARN] PackLoader:240 - Cannot read IP mode file for STMicroelectronics.X-CUBE-FREERTOS.1.3.1
2025-09-17 01:34:41,699 [WARN] PackLoader:240 - Cannot read IP mode file for STMicroelectronics.FP-SNS-STAIOTCFT.1.0.0
2025-09-17 01:34:41,703 [WARN] PackLoader:240 - Cannot read IP mode file for STMicroelectronics.X-CUBE-DPower.1.3.0
2025-09-17 01:34:41,718 [WARN] ConditionMgr:438 - getConditionDescription Invalid condition id : LAN8742 Phy interface Condition cause : null
2025-09-17 01:34:41,719 [WARN] PackLoader:240 - Cannot read IP mode file for STMicroelectronics.X-CUBE-AZRTOS-L4.2.0.0
2025-09-17 01:34:41,720 [WARN] ConditionMgr:1044 - genDependencies : Invalid condition id : LAN8742 Phy interface Condition cause : null
2025-09-17 01:34:41,720 [WARN] ConditionMgr:1044 - genDependencies : Invalid condition id : LAN8742 Phy interface Condition cause : null
2025-09-17 01:34:41,720 [WARN] ConditionMgr:1044 - genDependencies : Invalid condition id : LAN8742 Phy interface Condition cause : null
2025-09-17 01:34:41,726 [WARN] PackLoader:240 - Cannot read IP mode file for STMicroelectronics.X-CUBE-SFXS2LP1.4.0.0
2025-09-17 01:34:41,735 [WARN] PackLoader:240 - Cannot read IP mode file for STMicroelectronics.X-CUBE-BLEMGR.4.1.0
2025-09-17 01:34:41,756 [WARN] ConditionMgr:438 - getConditionDescription Invalid condition id : UX DEVICE CLASS RTOS Condition cause : null
2025-09-17 01:34:41,756 [WARN] ConditionMgr:438 - getConditionDescription Invalid condition id : UX DEVICE CLASS RTOS Condition cause : null
2025-09-17 01:34:41,759 [WARN] PackLoader:240 - Cannot read IP mode file for STMicroelectronics.X-CUBE-AZRTOS-WB.2.0.0
2025-09-17 01:34:41,760 [WARN] ConditionMgr:1044 - genDependencies : Invalid condition id : UX DEVICE CLASS RTOS Condition cause : null
2025-09-17 01:34:41,760 [WARN] ConditionMgr:1044 - genDependencies : Invalid condition id : UX DEVICE CLASS RTOS Condition cause : null
2025-09-17 01:34:41,761 [WARN] ConditionMgr:1044 - genDependencies : Invalid condition id : UX DEVICE CLASS RTOS Condition cause : null
2025-09-17 01:34:41,761 [WARN] ConditionMgr:1044 - genDependencies : Invalid condition id : UX DEVICE CLASS RTOS Condition cause : null
2025-09-17 01:34:41,761 [WARN] ConditionMgr:1044 - genDependencies : Invalid condition id : UX DEVICE CLASS RTOS Condition cause : null
2025-09-17 01:34:41,767 [WARN] PackLoader:240 - Cannot read IP mode file for STMicroelectronics.X-CUBE-GNSS1.7.0.1
2025-09-17 01:34:41,771 [WARN] PackLoader:240 - Cannot read IP mode file for STMicroelectronics.X-CUBE-TOUCHGFX.4.25.0
2025-09-17 01:34:41,776 [WARN] ConditionMgr:438 - getConditionDescription Invalid condition id : Cortex-A Device cause : null
2025-09-17 01:34:41,789 [WARN] ConditionMgr:1044 - genDependencies : Invalid condition id : Cortex-A Device cause : null
2025-09-17 01:34:41,790 [WARN] ConditionMgr:1044 - genDependencies : Invalid condition id : Cortex-A Device cause : null
2025-09-17 01:34:41,790 [WARN] ConditionMgr:1044 - genDependencies : Invalid condition id : Cortex-A Device cause : null
2025-09-17 01:34:41,798 [WARN] PackLoader:240 - Cannot read IP mode file for STMicroelectronics.X-CUBE-SUBG2.5.0.0
2025-09-17 01:34:41,819 [WARN] PackLoader:240 - Cannot read IP mode file for STMicroelectronics.X-CUBE-AZRTOS-H7RS.1.1.0
2025-09-17 01:34:41,824 [WARN] PackLoader:240 - Cannot read IP mode file for Cesanta.I-CUBE-Mongoose.7.13.0
2025-09-17 01:34:41,835 [WARN] PackLoader:240 - Cannot read IP mode file for STMicroelectronics.X-CUBE-AZRTOS-G4.2.0.0
2025-09-17 01:34:41,839 [WARN] PackLoader:240 - Cannot read IP mode file for wolfSSL.I-CUBE-wolfSSH.1.4.20
2025-09-17 01:34:41,842 [WARN] PackLoader:240 - Cannot read IP mode file for STMicroelectronics.X-CUBE-NFC7.2.0.0
2025-09-17 01:34:41,854 [WARN] PackLoader:240 - Cannot read IP mode file for STMicroelectronics.X-CUBE-IPS.3.1.0
2025-09-17 01:34:41,862 [WARN] PackLoader:240 - Cannot read IP mode file for STMicroelectronics.X-CUBE-ALS.1.0.2
2025-09-17 01:34:41,869 [WARN] PackLoader:240 - Cannot read IP mode file for STMicroelectronics.X-CUBE-STSE01.1.0.0
2025-09-17 01:34:41,879 [WARN] PackLoader:240 - Cannot read IP mode file for STMicroelectronics.X-CUBE-TOF1.3.4.3
2025-09-17 01:34:41,888 [INFO] ThirdParty:978 - Integrity check success = true
2025-09-17 01:34:41,888 [INFO] IntegrityCheckThread:100 - exiting critical section [integrity check]
2025-09-17 01:34:41,888 [INFO] IntegrityCheckThread:103 - End integrity checks thread
2025-09-17 01:34:46,513 [ERROR] LogOutputStream:75 - [STDERR_REDIRECT] 
2025-09-17 01:34:46,514 [ERROR] LogOutputStream:75 - [STDERR_REDIRECT] 
